<?xml version="1.0" encoding="UTF-8"?>
<!-- Generated by org.testng.reporters.JUnitReportReporter -->
<testsuite hostname="DESKTOP-E76VOSB" failures="0" tests="2" name="qaclickacademy.AppiumTest" time="0.008" errors="0" timestamp="29 Apr 2020 16:25:45 GMT" skipped="0">
  <testcase classname="qaclickacademy.AppiumTest" name="NativeAPpAndroid" time="0.001"/>
  <testcase classname="qaclickacademy.AppiumTest" name="IOSApps" time="0.007"/>
</testsuite> <!-- qaclickacademy.AppiumTest -->
